# JRE version: Java(TM) SE Runtime Environment (8.0_121-b13) (build 1.8.0_121-b13)
# Java VM: Java HotSpot(TM) 64-Bit Server VM (25.121-b13 mixed mode windows-amd64 compressed oops)
Heap:
 PSYoungGen      total 32768K, used 28874K [0x00000000d5580000, 0x00000000d7a80000, 0x0000000100000000)
  eden space 31744K, 88% used [0x00000000d5580000,0x00000000d7112b48,0x00000000d7480000)
  from space 1024K, 62% used [0x00000000d7500000,0x00000000d75a0000,0x00000000d7600000)
  to   space 3072K, 0% used [0x00000000d7780000,0x00000000d7780000,0x00000000d7a80000)
 ParOldGen       total 87552K, used 1908K [0x0000000080000000, 0x0000000085580000, 0x00000000d5580000)
  object space 87552K, 2% used [0x0000000080000000,0x00000000801dd378,0x0000000085580000)
 Metaspace       used 13565K, capacity 13770K, committed 14080K, reserved 1060864K
  class space    used 1597K, capacity 1680K, committed 1792K, reserved 1048576K
GC Heap History (10 events):
Event: 689.389 GC heap before
{Heap before GC invocations=3 (full 0):
 PSYoungGen      total 38400K, used 35456K [0x00000000d5580000, 0x00000000d8000000, 0x0000000100000000)
  eden space 33280K, 100% used [0x00000000d5580000,0x00000000d7600000,0x00000000d7600000)
  from space 5120K, 42% used [0x00000000d7b00000,0x00000000d7d20000,0x00000000d8000000)
  to   space 5120K, 0% used [0x00000000d7600000,0x00000000d7600000,0x00000000d7b00000)
 ParOldGen       total 87552K, used 32K [0x0000000080000000, 0x0000000085580000, 0x00000000d5580000)
  object space 87552K, 0% used [0x0000000080000000,0x0000000080008000,0x0000000085580000)
 Metaspace       used 13276K, capacity 13508K, committed 13824K, reserved 1060864K
  class space    used 1593K, capacity 1679K, committed 1792K, reserved 1048576K
Event: 689.394 GC heap after
Heap after GC invocations=3 (full 0):
 PSYoungGen      total 38400K, used 2240K [0x00000000d5580000, 0x00000000d8000000, 0x0000000100000000)
  eden space 33280K, 0% used [0x00000000d5580000,0x00000000d5580000,0x00000000d7600000)
  from space 5120K, 43% used [0x00000000d7600000,0x00000000d7830000,0x00000000d7b00000)
  to   space 5120K, 0% used [0x00000000d7b00000,0x00000000d7b00000,0x00000000d8000000)
 ParOldGen       total 87552K, used 40K [0x0000000080000000, 0x0000000085580000, 0x00000000d5580000)
  object space 87552K, 0% used [0x0000000080000000,0x000000008000a000,0x0000000085580000)
 Metaspace       used 13276K, capacity 13508K, committed 13824K, reserved 1060864K
  class space    used 1593K, capacity 1679K, committed 1792K, reserved 1048576K
}
Event: 705.272 GC heap before
{Heap before GC invocations=4 (full 0):
 PSYoungGen      total 38400K, used 35520K [0x00000000d5580000, 0x00000000d8000000, 0x0000000100000000)
  eden space 33280K, 100% used [0x00000000d5580000,0x00000000d7600000,0x00000000d7600000)
  from space 5120K, 43% used [0x00000000d7600000,0x00000000d7830000,0x00000000d7b00000)
  to   space 5120K, 0% used [0x00000000d7b00000,0x00000000d7b00000,0x00000000d8000000)
 ParOldGen       total 87552K, used 40K [0x0000000080000000, 0x0000000085580000, 0x00000000d5580000)
  object space 87552K, 0% used [0x0000000080000000,0x000000008000a000,0x0000000085580000)
 Metaspace       used 13370K, capacity 13578K, committed 13824K, reserved 1060864K
  class space    used 1594K, capacity 1680K, committed 1792K, reserved 1048576K
Event: 705.277 GC heap after
Heap after GC invocations=4 (full 0):
 PSYoungGen      total 38400K, used 2368K [0x00000000d5580000, 0x00000000d8000000, 0x0000000100000000)
  eden space 33280K, 0% used [0x00000000d5580000,0x00000000d5580000,0x00000000d7600000)
  from space 5120K, 46% used [0x00000000d7b00000,0x00000000d7d50020,0x00000000d8000000)
  to   space 5120K, 0% used [0x00000000d7600000,0x00000000d7600000,0x00000000d7b00000)
 ParOldGen       total 87552K, used 48K [0x0000000080000000, 0x0000000085580000, 0x00000000d5580000)
  object space 87552K, 0% used [0x0000000080000000,0x000000008000c000,0x0000000085580000)
 Metaspace       used 13370K, capacity 13578K, committed 13824K, reserved 1060864K
  class space    used 1594K, capacity 1680K, committed 1792K, reserved 1048576K
}
Event: 720.423 GC heap before
{Heap before GC invocations=5 (full 0):
 PSYoungGen      total 38400K, used 35648K [0x00000000d5580000, 0x00000000d8000000, 0x0000000100000000)
  eden space 33280K, 100% used [0x00000000d5580000,0x00000000d7600000,0x00000000d7600000)
  from space 5120K, 46% used [0x00000000d7b00000,0x00000000d7d50020,0x00000000d8000000)
  to   space 5120K, 0% used [0x00000000d7600000,0x00000000d7600000,0x00000000d7b00000)
 ParOldGen       total 87552K, used 48K [0x0000000080000000, 0x0000000085580000, 0x00000000d5580000)
  object space 87552K, 0% used [0x0000000080000000,0x000000008000c000,0x0000000085580000)
 Metaspace       used 13472K, capacity 13706K, committed 14080K, reserved 1060864K
  class space    used 1596K, capacity 1680K, committed 1792K, reserved 1048576K
Event: 720.429 GC heap after
Heap after GC invocations=5 (full 0):
 PSYoungGen      total 35328K, used 2368K [0x00000000d5580000, 0x00000000d7b80000, 0x0000000100000000)
  eden space 32768K, 0% used [0x00000000d5580000,0x00000000d5580000,0x00000000d7580000)
  from space 2560K, 92% used [0x00000000d7600000,0x00000000d7850000,0x00000000d7880000)
  to   space 3072K, 0% used [0x00000000d7880000,0x00000000d7880000,0x00000000d7b80000)
 ParOldGen       total 87552K, used 56K [0x0000000080000000, 0x0000000085580000, 0x00000000d5580000)
  object space 87552K, 0% used [0x0000000080000000,0x000000008000e000,0x0000000085580000)
 Metaspace       used 13472K, capacity 13706K, committed 14080K, reserved 1060864K
  class space    used 1596K, capacity 1680K, committed 1792K, reserved 1048576K
}
Event: 736.591 GC heap before
{Heap before GC invocations=6 (full 0):
 PSYoungGen      total 35328K, used 35136K [0x00000000d5580000, 0x00000000d7b80000, 0x0000000100000000)
  eden space 32768K, 100% used [0x00000000d5580000,0x00000000d7580000,0x00000000d7580000)
  from space 2560K, 92% used [0x00000000d7600000,0x00000000d7850000,0x00000000d7880000)
  to   space 3072K, 0% used [0x00000000d7880000,0x00000000d7880000,0x00000000d7b80000)
 ParOldGen       total 87552K, used 56K [0x0000000080000000, 0x0000000085580000, 0x00000000d5580000)
  object space 87552K, 0% used [0x0000000080000000,0x000000008000e000,0x0000000085580000)
 Metaspace       used 13521K, capacity 13770K, committed 14080K, reserved 1060864K
  class space    used 1596K, capacity 1680K, committed 1792K, reserved 1048576K
Event: 736.594 GC heap after
Heap after GC invocations=6 (full 0):
 PSYoungGen      total 34816K, used 2416K [0x00000000d5580000, 0x00000000d7b00000, 0x0000000100000000)
  eden space 32256K, 0% used [0x00000000d5580000,0x00000000d5580000,0x00000000d7500000)
  from space 2560K, 94% used [0x00000000d7880000,0x00000000d7adc010,0x00000000d7b00000)
  to   space 3072K, 0% used [0x00000000d7500000,0x00000000d7500000,0x00000000d7800000)
 ParOldGen       total 87552K, used 64K [0x0000000080000000, 0x0000000085580000, 0x00000000d5580000)
  object space 87552K, 0% used [0x0000000080000000,0x0000000080010000,0x0000000085580000)
 Metaspace       used 13521K, capacity 13770K, committed 14080K, reserved 1060864K
  class space    used 1596K, capacity 1680K, committed 1792K, reserved 1048576K
}
Event: 753.153 GC heap before
{Heap before GC invocations=7 (full 0):
 PSYoungGen      total 34816K, used 34672K [0x00000000d5580000, 0x00000000d7b00000, 0x0000000100000000)
  eden space 32256K, 100% used [0x00000000d5580000,0x00000000d7500000,0x00000000d7500000)
  from space 2560K, 94% used [0x00000000d7880000,0x00000000d7adc010,0x00000000d7b00000)
  to   space 3072K, 0% used [0x00000000d7500000,0x00000000d7500000,0x00000000d7800000)
 ParOldGen       total 87552K, used 64K [0x0000000080000000, 0x0000000085580000, 0x00000000d5580000)
  object space 87552K, 0% used [0x0000000080000000,0x0000000080010000,0x0000000085580000)
 Metaspace       used 13542K, capacity 13770K, committed 14080K, reserved 1060864K
  class space    used 1597K, capacity 1680K, committed 1792K, reserved 1048576K
Event: 753.157 GC heap after
Heap after GC invocations=7 (full 0):
 PSYoungGen      total 32768K, used 640K [0x00000000d5580000, 0x00000000d7a80000, 0x0000000100000000)
  eden space 31744K, 0% used [0x00000000d5580000,0x00000000d5580000,0x00000000d7480000)
  from space 1024K, 62% used [0x00000000d7500000,0x00000000d75a0000,0x00000000d7600000)
  to   space 3072K, 0% used [0x00000000d7780000,0x00000000d7780000,0x00000000d7a80000)
 ParOldGen       total 87552K, used 1908K [0x0000000080000000, 0x0000000085580000, 0x00000000d5580000)
  object space 87552K, 2% used [0x0000000080000000,0x00000000801dd378,0x0000000085580000)
 Metaspace       used 13542K, capacity 13770K, committed 14080K, reserved 1060864K
  class space    used 1597K, capacity 1680K, committed 1792K, reserved 1048576K
}

