# JRE version: Java(TM) SE Runtime Environment (8.0_121-b13) (build 1.8.0_121-b13)
# Java VM: Java HotSpot(TM) 64-Bit Server VM (25.121-b13 mixed mode windows-amd64 compressed oops)
Heap:
 PSYoungGen      total 38400K, used 4356K [0x00000000d5580000, 0x00000000d8000000, 0x0000000100000000)
  eden space 33280K, 5% used [0x00000000d5580000,0x00000000d5769150,0x00000000d7600000)
  from space 5120K, 46% used [0x00000000d7b00000,0x00000000d7d58000,0x00000000d8000000)
  to   space 5120K, 0% used [0x00000000d7600000,0x00000000d7600000,0x00000000d7b00000)
 ParOldGen       total 87552K, used 32K [0x0000000080000000, 0x0000000085580000, 0x00000000d5580000)
  object space 87552K, 0% used [0x0000000080000000,0x0000000080008000,0x0000000085580000)
 Metaspace       used 12869K, capacity 13110K, committed 13312K, reserved 1060864K
  class space    used 1601K, capacity 1678K, committed 1792K, reserved 1048576K
GC Heap History (4 events):
Event: 7.252 GC heap before
{Heap before GC invocations=1 (full 0):
 PSYoungGen      total 38400K, used 33280K [0x00000000d5580000, 0x00000000d8000000, 0x0000000100000000)
  eden space 33280K, 100% used [0x00000000d5580000,0x00000000d7600000,0x00000000d7600000)
  from space 5120K, 0% used [0x00000000d7b00000,0x00000000d7b00000,0x00000000d8000000)
  to   space 5120K, 0% used [0x00000000d7600000,0x00000000d7600000,0x00000000d7b00000)
 ParOldGen       total 87552K, used 0K [0x0000000080000000, 0x0000000085580000, 0x00000000d5580000)
  object space 87552K, 0% used [0x0000000080000000,0x0000000080000000,0x0000000085580000)
 Metaspace       used 12700K, capacity 12918K, committed 13056K, reserved 1060864K
  class space    used 1600K, capacity 1678K, committed 1792K, reserved 1048576K
Event: 7.256 GC heap after
Heap after GC invocations=1 (full 0):
 PSYoungGen      total 38400K, used 2785K [0x00000000d5580000, 0x00000000d8000000, 0x0000000100000000)
  eden space 33280K, 0% used [0x00000000d5580000,0x00000000d5580000,0x00000000d7600000)
  from space 5120K, 54% used [0x00000000d7600000,0x00000000d78b8548,0x00000000d7b00000)
  to   space 5120K, 0% used [0x00000000d7b00000,0x00000000d7b00000,0x00000000d8000000)
 ParOldGen       total 87552K, used 24K [0x0000000080000000, 0x0000000085580000, 0x00000000d5580000)
  object space 87552K, 0% used [0x0000000080000000,0x0000000080006000,0x0000000085580000)
 Metaspace       used 12700K, capacity 12918K, committed 13056K, reserved 1060864K
  class space    used 1600K, capacity 1678K, committed 1792K, reserved 1048576K
}
Event: 24.232 GC heap before
{Heap before GC invocations=2 (full 0):
 PSYoungGen      total 38400K, used 36065K [0x00000000d5580000, 0x00000000d8000000, 0x0000000100000000)
  eden space 33280K, 100% used [0x00000000d5580000,0x00000000d7600000,0x00000000d7600000)
  from space 5120K, 54% used [0x00000000d7600000,0x00000000d78b8548,0x00000000d7b00000)
  to   space 5120K, 0% used [0x00000000d7b00000,0x00000000d7b00000,0x00000000d8000000)
 ParOldGen       total 87552K, used 24K [0x0000000080000000, 0x0000000085580000, 0x00000000d5580000)
  object space 87552K, 0% used [0x0000000080000000,0x0000000080006000,0x0000000085580000)
 Metaspace       used 12857K, capacity 13046K, committed 13312K, reserved 1060864K
  class space    used 1601K, capacity 1678K, committed 1792K, reserved 1048576K
Event: 24.236 GC heap after
Heap after GC invocations=2 (full 0):
 PSYoungGen      total 38400K, used 2400K [0x00000000d5580000, 0x00000000d8000000, 0x0000000100000000)
  eden space 33280K, 0% used [0x00000000d5580000,0x00000000d5580000,0x00000000d7600000)
  from space 5120K, 46% used [0x00000000d7b00000,0x00000000d7d58000,0x00000000d8000000)
  to   space 5120K, 0% used [0x00000000d7600000,0x00000000d7600000,0x00000000d7b00000)
 ParOldGen       total 87552K, used 32K [0x0000000080000000, 0x0000000085580000, 0x00000000d5580000)
  object space 87552K, 0% used [0x0000000080000000,0x0000000080008000,0x0000000085580000)
 Metaspace       used 12857K, capacity 13046K, committed 13312K, reserved 1060864K
  class space    used 1601K, capacity 1678K, committed 1792K, reserved 1048576K
}

