# JRE version: Java(TM) SE Runtime Environment (8.0_121-b13) (build 1.8.0_121-b13)
# Java VM: Java HotSpot(TM) 64-Bit Server VM (25.121-b13 mixed mode windows-amd64 compressed oops)
Heap:
 PSYoungGen      total 30208K, used 17806K [0x00000000d5580000, 0x00000000d7980000, 0x0000000100000000)
  eden space 29696K, 58% used [0x00000000d5580000,0x00000000d667bb38,0x00000000d7280000)
  from space 512K, 81% used [0x00000000d7300000,0x00000000d7368000,0x00000000d7380000)
  to   space 3584K, 0% used [0x00000000d7600000,0x00000000d7600000,0x00000000d7980000)
 ParOldGen       total 87552K, used 2160K [0x0000000080000000, 0x0000000085580000, 0x00000000d5580000)
  object space 87552K, 2% used [0x0000000080000000,0x000000008021c050,0x0000000085580000)
 Metaspace       used 13438K, capacity 13678K, committed 13824K, reserved 1060864K
  class space    used 1606K, capacity 1678K, committed 1792K, reserved 1048576K
GC Heap History (10 events):
Event: 87.765 GC heap before
{Heap before GC invocations=7 (full 0):
 PSYoungGen      total 34816K, used 34560K [0x00000000d5580000, 0x00000000d7b00000, 0x0000000100000000)
  eden space 32256K, 100% used [0x00000000d5580000,0x00000000d7500000,0x00000000d7500000)
  from space 2560K, 90% used [0x00000000d7880000,0x00000000d7ac0000,0x00000000d7b00000)
  to   space 3072K, 0% used [0x00000000d7500000,0x00000000d7500000,0x00000000d7800000)
 ParOldGen       total 87552K, used 56K [0x0000000080000000, 0x0000000085580000, 0x00000000d5580000)
  object space 87552K, 0% used [0x0000000080000000,0x000000008000e000,0x0000000085580000)
 Metaspace       used 13343K, capacity 13550K, committed 13824K, reserved 1060864K
  class space    used 1606K, capacity 1678K, committed 1792K, reserved 1048576K
Event: 87.769 GC heap after
Heap after GC invocations=7 (full 0):
 PSYoungGen      total 32256K, used 480K [0x00000000d5580000, 0x00000000d7a80000, 0x0000000100000000)
  eden space 31744K, 0% used [0x00000000d5580000,0x00000000d5580000,0x00000000d7480000)
  from space 512K, 93% used [0x00000000d7500000,0x00000000d7578000,0x00000000d7580000)
  to   space 3072K, 0% used [0x00000000d7780000,0x00000000d7780000,0x00000000d7a80000)
 ParOldGen       total 87552K, used 2000K [0x0000000080000000, 0x0000000085580000, 0x00000000d5580000)
  object space 87552K, 2% used [0x0000000080000000,0x00000000801f4050,0x0000000085580000)
 Metaspace       used 13343K, capacity 13550K, committed 13824K, reserved 1060864K
  class space    used 1606K, capacity 1678K, committed 1792K, reserved 1048576K
}
Event: 99.715 GC heap before
{Heap before GC invocations=8 (full 0):
 PSYoungGen      total 32256K, used 32224K [0x00000000d5580000, 0x00000000d7a80000, 0x0000000100000000)
  eden space 31744K, 100% used [0x00000000d5580000,0x00000000d7480000,0x00000000d7480000)
  from space 512K, 93% used [0x00000000d7500000,0x00000000d7578000,0x00000000d7580000)
  to   space 3072K, 0% used [0x00000000d7780000,0x00000000d7780000,0x00000000d7a80000)
 ParOldGen       total 87552K, used 2000K [0x0000000080000000, 0x0000000085580000, 0x00000000d5580000)
  object space 87552K, 2% used [0x0000000080000000,0x00000000801f4050,0x0000000085580000)
 Metaspace       used 13352K, capacity 13614K, committed 13824K, reserved 1060864K
  class space    used 1606K, capacity 1678K, committed 1792K, reserved 1048576K
Event: 99.718 GC heap after
Heap after GC invocations=8 (full 0):
 PSYoungGen      total 34304K, used 480K [0x00000000d5580000, 0x00000000d7b00000, 0x0000000100000000)
  eden space 31232K, 0% used [0x00000000d5580000,0x00000000d5580000,0x00000000d7400000)
  from space 3072K, 15% used [0x00000000d7780000,0x00000000d77f8000,0x00000000d7a80000)
  to   space 3584K, 0% used [0x00000000d7400000,0x00000000d7400000,0x00000000d7780000)
 ParOldGen       total 87552K, used 2032K [0x0000000080000000, 0x0000000085580000, 0x00000000d5580000)
  object space 87552K, 2% used [0x0000000080000000,0x00000000801fc050,0x0000000085580000)
 Metaspace       used 13352K, capacity 13614K, committed 13824K, reserved 1060864K
  class space    used 1606K, capacity 1678K, committed 1792K, reserved 1048576K
}
Event: 112.520 GC heap before
{Heap before GC invocations=9 (full 0):
 PSYoungGen      total 34304K, used 31712K [0x00000000d5580000, 0x00000000d7b00000, 0x0000000100000000)
  eden space 31232K, 100% used [0x00000000d5580000,0x00000000d7400000,0x00000000d7400000)
  from space 3072K, 15% used [0x00000000d7780000,0x00000000d77f8000,0x00000000d7a80000)
  to   space 3584K, 0% used [0x00000000d7400000,0x00000000d7400000,0x00000000d7780000)
 ParOldGen       total 87552K, used 2032K [0x0000000080000000, 0x0000000085580000, 0x00000000d5580000)
  object space 87552K, 2% used [0x0000000080000000,0x00000000801fc050,0x0000000085580000)
 Metaspace       used 13367K, capacity 13614K, committed 13824K, reserved 1060864K
  class space    used 1606K, capacity 1678K, committed 1792K, reserved 1048576K
Event: 112.524 GC heap after
Heap after GC invocations=9 (full 0):
 PSYoungGen      total 31232K, used 416K [0x00000000d5580000, 0x00000000d7a80000, 0x0000000100000000)
  eden space 30720K, 0% used [0x00000000d5580000,0x00000000d5580000,0x00000000d7380000)
  from space 512K, 81% used [0x00000000d7400000,0x00000000d7468000,0x00000000d7480000)
  to   space 3584K, 0% used [0x00000000d7700000,0x00000000d7700000,0x00000000d7a80000)
 ParOldGen       total 87552K, used 2080K [0x0000000080000000, 0x0000000085580000, 0x00000000d5580000)
  object space 87552K, 2% used [0x0000000080000000,0x0000000080208050,0x0000000085580000)
 Metaspace       used 13367K, capacity 13614K, committed 13824K, reserved 1060864K
  class space    used 1606K, capacity 1678K, committed 1792K, reserved 1048576K
}
Event: 123.946 GC heap before
{Heap before GC invocations=10 (full 0):
 PSYoungGen      total 31232K, used 31136K [0x00000000d5580000, 0x00000000d7a80000, 0x0000000100000000)
  eden space 30720K, 100% used [0x00000000d5580000,0x00000000d7380000,0x00000000d7380000)
  from space 512K, 81% used [0x00000000d7400000,0x00000000d7468000,0x00000000d7480000)
  to   space 3584K, 0% used [0x00000000d7700000,0x00000000d7700000,0x00000000d7a80000)
 ParOldGen       total 87552K, used 2080K [0x0000000080000000, 0x0000000085580000, 0x00000000d5580000)
  object space 87552K, 2% used [0x0000000080000000,0x0000000080208050,0x0000000085580000)
 Metaspace       used 13378K, capacity 13614K, committed 13824K, reserved 1060864K
  class space    used 1606K, capacity 1678K, committed 1792K, reserved 1048576K
Event: 123.948 GC heap after
Heap after GC invocations=10 (full 0):
 PSYoungGen      total 33280K, used 448K [0x00000000d5580000, 0x00000000d7a00000, 0x0000000100000000)
  eden space 30208K, 0% used [0x00000000d5580000,0x00000000d5580000,0x00000000d7300000)
  from space 3072K, 14% used [0x00000000d7700000,0x00000000d7770000,0x00000000d7a00000)
  to   space 3584K, 0% used [0x00000000d7300000,0x00000000d7300000,0x00000000d7680000)
 ParOldGen       total 87552K, used 2128K [0x0000000080000000, 0x0000000085580000, 0x00000000d5580000)
  object space 87552K, 2% used [0x0000000080000000,0x0000000080214050,0x0000000085580000)
 Metaspace       used 13378K, capacity 13614K, committed 13824K, reserved 1060864K
  class space    used 1606K, capacity 1678K, committed 1792K, reserved 1048576K
}
Event: 135.837 GC heap before
{Heap before GC invocations=11 (full 0):
 PSYoungGen      total 33280K, used 30656K [0x00000000d5580000, 0x00000000d7a00000, 0x0000000100000000)
  eden space 30208K, 100% used [0x00000000d5580000,0x00000000d7300000,0x00000000d7300000)
  from space 3072K, 14% used [0x00000000d7700000,0x00000000d7770000,0x00000000d7a00000)
  to   space 3584K, 0% used [0x00000000d7300000,0x00000000d7300000,0x00000000d7680000)
 ParOldGen       total 87552K, used 2128K [0x0000000080000000, 0x0000000085580000, 0x00000000d5580000)
  object space 87552K, 2% used [0x0000000080000000,0x0000000080214050,0x0000000085580000)
 Metaspace       used 13426K, capacity 13678K, committed 13824K, reserved 1060864K
  class space    used 1606K, capacity 1678K, committed 1792K, reserved 1048576K
Event: 135.839 GC heap after
Heap after GC invocations=11 (full 0):
 PSYoungGen      total 30208K, used 416K [0x00000000d5580000, 0x00000000d7980000, 0x0000000100000000)
  eden space 29696K, 0% used [0x00000000d5580000,0x00000000d5580000,0x00000000d7280000)
  from space 512K, 81% used [0x00000000d7300000,0x00000000d7368000,0x00000000d7380000)
  to   space 3584K, 0% used [0x00000000d7600000,0x00000000d7600000,0x00000000d7980000)
 ParOldGen       total 87552K, used 2160K [0x0000000080000000, 0x0000000085580000, 0x00000000d5580000)
  object space 87552K, 2% used [0x0000000080000000,0x000000008021c050,0x0000000085580000)
 Metaspace       used 13426K, capacity 13678K, committed 13824K, reserved 1060864K
  class space    used 1606K, capacity 1678K, committed 1792K, reserved 1048576K
}

