# JRE version: Java(TM) SE Runtime Environment (8.0_121-b13) (build 1.8.0_121-b13)
# Java VM: Java HotSpot(TM) 64-Bit Server VM (25.121-b13 mixed mode windows-amd64 compressed oops)
Heap:
 PSYoungGen      total 25088K, used 14362K [0x00000000d5580000, 0x00000000d7280000, 0x0000000100000000)
  eden space 24576K, 56% used [0x00000000d5580000,0x00000000d630e808,0x00000000d6d80000)
  from space 512K, 93% used [0x00000000d6e00000,0x00000000d6e78000,0x00000000d6e80000)
  to   space 2560K, 0% used [0x00000000d7000000,0x00000000d7000000,0x00000000d7280000)
 ParOldGen       total 87552K, used 2404K [0x0000000080000000, 0x0000000085580000, 0x00000000d5580000)
  object space 87552K, 2% used [0x0000000080000000,0x0000000080259378,0x0000000085580000)
 Metaspace       used 13495K, capacity 13694K, committed 13824K, reserved 1060864K
  class space    used 1591K, capacity 1678K, committed 1792K, reserved 1048576K
GC Heap History (10 events):
Event: 281.721 GC heap before
{Heap before GC invocations=17 (full 0):
 PSYoungGen      total 29184K, used 27648K [0x00000000d5580000, 0x00000000d7600000, 0x0000000100000000)
  eden space 27136K, 100% used [0x00000000d5580000,0x00000000d7000000,0x00000000d7000000)
  from space 2048K, 25% used [0x00000000d7400000,0x00000000d7480000,0x00000000d7600000)
  to   space 3072K, 0% used [0x00000000d7000000,0x00000000d7000000,0x00000000d7300000)
 ParOldGen       total 87552K, used 2252K [0x0000000080000000, 0x0000000085580000, 0x00000000d5580000)
  object space 87552K, 2% used [0x0000000080000000,0x0000000080233378,0x0000000085580000)
 Metaspace       used 13303K, capacity 13502K, committed 13824K, reserved 1060864K
  class space    used 1589K, capacity 1678K, committed 1792K, reserved 1048576K
Event: 281.723 GC heap after
Heap after GC invocations=17 (full 0):
 PSYoungGen      total 27136K, used 480K [0x00000000d5580000, 0x00000000d7580000, 0x0000000100000000)
  eden space 26624K, 0% used [0x00000000d5580000,0x00000000d5580000,0x00000000d6f80000)
  from space 512K, 93% used [0x00000000d7000000,0x00000000d7078000,0x00000000d7080000)
  to   space 3072K, 0% used [0x00000000d7280000,0x00000000d7280000,0x00000000d7580000)
 ParOldGen       total 87552K, used 2292K [0x0000000080000000, 0x0000000085580000, 0x00000000d5580000)
  object space 87552K, 2% used [0x0000000080000000,0x000000008023d378,0x0000000085580000)
 Metaspace       used 13303K, capacity 13502K, committed 13824K, reserved 1060864K
  class space    used 1589K, capacity 1678K, committed 1792K, reserved 1048576K
}
Event: 299.589 GC heap before
{Heap before GC invocations=18 (full 0):
 PSYoungGen      total 27136K, used 27104K [0x00000000d5580000, 0x00000000d7580000, 0x0000000100000000)
  eden space 26624K, 100% used [0x00000000d5580000,0x00000000d6f80000,0x00000000d6f80000)
  from space 512K, 93% used [0x00000000d7000000,0x00000000d7078000,0x00000000d7080000)
  to   space 3072K, 0% used [0x00000000d7280000,0x00000000d7280000,0x00000000d7580000)
 ParOldGen       total 87552K, used 2292K [0x0000000080000000, 0x0000000085580000, 0x00000000d5580000)
  object space 87552K, 2% used [0x0000000080000000,0x000000008023d378,0x0000000085580000)
 Metaspace       used 13358K, capacity 13566K, committed 13824K, reserved 1060864K
  class space    used 1589K, capacity 1678K, committed 1792K, reserved 1048576K
Event: 299.594 GC heap after
Heap after GC invocations=18 (full 0):
 PSYoungGen      total 28672K, used 480K [0x00000000d5580000, 0x00000000d7500000, 0x0000000100000000)
  eden space 26112K, 0% used [0x00000000d5580000,0x00000000d5580000,0x00000000d6f00000)
  from space 2560K, 18% used [0x00000000d7280000,0x00000000d72f8000,0x00000000d7500000)
  to   space 3072K, 0% used [0x00000000d6f00000,0x00000000d6f00000,0x00000000d7200000)
 ParOldGen       total 87552K, used 2332K [0x0000000080000000, 0x0000000085580000, 0x00000000d5580000)
  object space 87552K, 2% used [0x0000000080000000,0x0000000080247378,0x0000000085580000)
 Metaspace       used 13358K, capacity 13566K, committed 13824K, reserved 1060864K
  class space    used 1589K, capacity 1678K, committed 1792K, reserved 1048576K
}
Event: 316.413 GC heap before
{Heap before GC invocations=19 (full 0):
 PSYoungGen      total 28672K, used 26592K [0x00000000d5580000, 0x00000000d7500000, 0x0000000100000000)
  eden space 26112K, 100% used [0x00000000d5580000,0x00000000d6f00000,0x00000000d6f00000)
  from space 2560K, 18% used [0x00000000d7280000,0x00000000d72f8000,0x00000000d7500000)
  to   space 3072K, 0% used [0x00000000d6f00000,0x00000000d6f00000,0x00000000d7200000)
 ParOldGen       total 87552K, used 2332K [0x0000000080000000, 0x0000000085580000, 0x00000000d5580000)
  object space 87552K, 2% used [0x0000000080000000,0x0000000080247378,0x0000000085580000)
 Metaspace       used 13394K, capacity 13630K, committed 13824K, reserved 1060864K
  class space    used 1589K, capacity 1678K, committed 1792K, reserved 1048576K
Event: 316.439 GC heap after
Heap after GC invocations=19 (full 0):
 PSYoungGen      total 26112K, used 416K [0x00000000d5580000, 0x00000000d7480000, 0x0000000100000000)
  eden space 25600K, 0% used [0x00000000d5580000,0x00000000d5580000,0x00000000d6e80000)
  from space 512K, 81% used [0x00000000d6f00000,0x00000000d6f68000,0x00000000d6f80000)
  to   space 3072K, 0% used [0x00000000d7180000,0x00000000d7180000,0x00000000d7480000)
 ParOldGen       total 87552K, used 2348K [0x0000000080000000, 0x0000000085580000, 0x00000000d5580000)
  object space 87552K, 2% used [0x0000000080000000,0x000000008024b378,0x0000000085580000)
 Metaspace       used 13394K, capacity 13630K, committed 13824K, reserved 1060864K
  class space    used 1589K, capacity 1678K, committed 1792K, reserved 1048576K
}
Event: 333.372 GC heap before
{Heap before GC invocations=20 (full 0):
 PSYoungGen      total 26112K, used 26016K [0x00000000d5580000, 0x00000000d7480000, 0x0000000100000000)
  eden space 25600K, 100% used [0x00000000d5580000,0x00000000d6e80000,0x00000000d6e80000)
  from space 512K, 81% used [0x00000000d6f00000,0x00000000d6f68000,0x00000000d6f80000)
  to   space 3072K, 0% used [0x00000000d7180000,0x00000000d7180000,0x00000000d7480000)
 ParOldGen       total 87552K, used 2348K [0x0000000080000000, 0x0000000085580000, 0x00000000d5580000)
  object space 87552K, 2% used [0x0000000080000000,0x000000008024b378,0x0000000085580000)
 Metaspace       used 13445K, capacity 13630K, committed 13824K, reserved 1060864K
  class space    used 1590K, capacity 1678K, committed 1792K, reserved 1048576K
Event: 333.374 GC heap after
Heap after GC invocations=20 (full 0):
 PSYoungGen      total 27648K, used 448K [0x00000000d5580000, 0x00000000d7400000, 0x0000000100000000)
  eden space 25088K, 0% used [0x00000000d5580000,0x00000000d5580000,0x00000000d6e00000)
  from space 2560K, 17% used [0x00000000d7180000,0x00000000d71f0000,0x00000000d7400000)
  to   space 3072K, 0% used [0x00000000d6e00000,0x00000000d6e00000,0x00000000d7100000)
 ParOldGen       total 87552K, used 2364K [0x0000000080000000, 0x0000000085580000, 0x00000000d5580000)
  object space 87552K, 2% used [0x0000000080000000,0x000000008024f378,0x0000000085580000)
 Metaspace       used 13445K, capacity 13630K, committed 13824K, reserved 1060864K
  class space    used 1590K, capacity 1678K, committed 1792K, reserved 1048576K
}
Event: 348.801 GC heap before
{Heap before GC invocations=21 (full 0):
 PSYoungGen      total 27648K, used 25536K [0x00000000d5580000, 0x00000000d7400000, 0x0000000100000000)
  eden space 25088K, 100% used [0x00000000d5580000,0x00000000d6e00000,0x00000000d6e00000)
  from space 2560K, 17% used [0x00000000d7180000,0x00000000d71f0000,0x00000000d7400000)
  to   space 3072K, 0% used [0x00000000d6e00000,0x00000000d6e00000,0x00000000d7100000)
 ParOldGen       total 87552K, used 2364K [0x0000000080000000, 0x0000000085580000, 0x00000000d5580000)
  object space 87552K, 2% used [0x0000000080000000,0x000000008024f378,0x0000000085580000)
 Metaspace       used 13472K, capacity 13694K, committed 13824K, reserved 1060864K
  class space    used 1590K, capacity 1678K, committed 1792K, reserved 1048576K
Event: 348.804 GC heap after
Heap after GC invocations=21 (full 0):
 PSYoungGen      total 25088K, used 480K [0x00000000d5580000, 0x00000000d7280000, 0x0000000100000000)
  eden space 24576K, 0% used [0x00000000d5580000,0x00000000d5580000,0x00000000d6d80000)
  from space 512K, 93% used [0x00000000d6e00000,0x00000000d6e78000,0x00000000d6e80000)
  to   space 2560K, 0% used [0x00000000d7000000,0x00000000d7000000,0x00000000d7280000)
 ParOldGen       total 87552K, used 2404K [0x0000000080000000, 0x0000000085580000, 0x00000000d5580000)
  object space 87552K, 2% used [0x0000000080000000,0x0000000080259378,0x0000000085580000)
 Metaspace       used 13472K, capacity 13694K, committed 13824K, reserved 1060864K
  class space    used 1590K, capacity 1678K, committed 1792K, reserved 1048576K
}

