# JRE version: Java(TM) SE Runtime Environment (8.0_121-b13) (build 1.8.0_121-b13)
# Java VM: Java HotSpot(TM) 64-Bit Server VM (25.121-b13 mixed mode windows-amd64 compressed oops)
Heap:
 PSYoungGen      total 33280K, used 13622K [0x00000000d5580000, 0x00000000d7a00000, 0x0000000100000000)
  eden space 30208K, 43% used [0x00000000d5580000,0x00000000d624dbe8,0x00000000d7300000)
  from space 3072K, 16% used [0x00000000d7700000,0x00000000d7780000,0x00000000d7a00000)
  to   space 3584K, 0% used [0x00000000d7300000,0x00000000d7300000,0x00000000d7680000)
 ParOldGen       total 87552K, used 2096K [0x0000000080000000, 0x0000000085580000, 0x00000000d5580000)
  object space 87552K, 2% used [0x0000000080000000,0x000000008020c388,0x0000000085580000)
 Metaspace       used 13542K, capacity 13822K, committed 14080K, reserved 1060864K
  class space    used 1589K, capacity 1678K, committed 1792K, reserved 1048576K
GC Heap History (10 events):
Event: 166.250 GC heap before
{Heap before GC invocations=6 (full 0):
 PSYoungGen      total 35328K, used 35104K [0x00000000d5580000, 0x00000000d7b80000, 0x0000000100000000)
  eden space 32768K, 100% used [0x00000000d5580000,0x00000000d7580000,0x00000000d7580000)
  from space 2560K, 91% used [0x00000000d7600000,0x00000000d7848020,0x00000000d7880000)
  to   space 3072K, 0% used [0x00000000d7880000,0x00000000d7880000,0x00000000d7b80000)
 ParOldGen       total 87552K, used 56K [0x0000000080000000, 0x0000000085580000, 0x00000000d5580000)
  object space 87552K, 0% used [0x0000000080000000,0x000000008000e000,0x0000000085580000)
 Metaspace       used 13411K, capacity 13630K, committed 13824K, reserved 1060864K
  class space    used 1587K, capacity 1678K, committed 1792K, reserved 1048576K
Event: 166.256 GC heap after
Heap after GC invocations=6 (full 0):
 PSYoungGen      total 34816K, used 2352K [0x00000000d5580000, 0x00000000d7b00000, 0x0000000100000000)
  eden space 32256K, 0% used [0x00000000d5580000,0x00000000d5580000,0x00000000d7500000)
  from space 2560K, 91% used [0x00000000d7880000,0x00000000d7acc010,0x00000000d7b00000)
  to   space 3072K, 0% used [0x00000000d7500000,0x00000000d7500000,0x00000000d7800000)
 ParOldGen       total 87552K, used 64K [0x0000000080000000, 0x0000000085580000, 0x00000000d5580000)
  object space 87552K, 0% used [0x0000000080000000,0x0000000080010000,0x0000000085580000)
 Metaspace       used 13411K, capacity 13630K, committed 13824K, reserved 1060864K
  class space    used 1587K, capacity 1678K, committed 1792K, reserved 1048576K
}
Event: 184.335 GC heap before
{Heap before GC invocations=7 (full 0):
 PSYoungGen      total 34816K, used 34608K [0x00000000d5580000, 0x00000000d7b00000, 0x0000000100000000)
  eden space 32256K, 100% used [0x00000000d5580000,0x00000000d7500000,0x00000000d7500000)
  from space 2560K, 91% used [0x00000000d7880000,0x00000000d7acc010,0x00000000d7b00000)
  to   space 3072K, 0% used [0x00000000d7500000,0x00000000d7500000,0x00000000d7800000)
 ParOldGen       total 87552K, used 64K [0x0000000080000000, 0x0000000085580000, 0x00000000d5580000)
  object space 87552K, 0% used [0x0000000080000000,0x0000000080010000,0x0000000085580000)
 Metaspace       used 13450K, capacity 13630K, committed 13824K, reserved 1060864K
  class space    used 1587K, capacity 1678K, committed 1792K, reserved 1048576K
Event: 184.340 GC heap after
Heap after GC invocations=7 (full 0):
 PSYoungGen      total 32768K, used 544K [0x00000000d5580000, 0x00000000d7a80000, 0x0000000100000000)
  eden space 31744K, 0% used [0x00000000d5580000,0x00000000d5580000,0x00000000d7480000)
  from space 1024K, 53% used [0x00000000d7500000,0x00000000d7588000,0x00000000d7600000)
  to   space 3072K, 0% used [0x00000000d7780000,0x00000000d7780000,0x00000000d7a80000)
 ParOldGen       total 87552K, used 1984K [0x0000000080000000, 0x0000000085580000, 0x00000000d5580000)
  object space 87552K, 2% used [0x0000000080000000,0x00000000801f0388,0x0000000085580000)
 Metaspace       used 13450K, capacity 13630K, committed 13824K, reserved 1060864K
  class space    used 1587K, capacity 1678K, committed 1792K, reserved 1048576K
}
Event: 202.353 GC heap before
{Heap before GC invocations=8 (full 0):
 PSYoungGen      total 32768K, used 32288K [0x00000000d5580000, 0x00000000d7a80000, 0x0000000100000000)
  eden space 31744K, 100% used [0x00000000d5580000,0x00000000d7480000,0x00000000d7480000)
  from space 1024K, 53% used [0x00000000d7500000,0x00000000d7588000,0x00000000d7600000)
  to   space 3072K, 0% used [0x00000000d7780000,0x00000000d7780000,0x00000000d7a80000)
 ParOldGen       total 87552K, used 1984K [0x0000000080000000, 0x0000000085580000, 0x00000000d5580000)
  object space 87552K, 2% used [0x0000000080000000,0x00000000801f0388,0x0000000085580000)
 Metaspace       used 13456K, capacity 13630K, committed 13824K, reserved 1060864K
  class space    used 1587K, capacity 1678K, committed 1792K, reserved 1048576K
Event: 202.355 GC heap after
Heap after GC invocations=8 (full 0):
 PSYoungGen      total 34304K, used 512K [0x00000000d5580000, 0x00000000d7b00000, 0x0000000100000000)
  eden space 31232K, 0% used [0x00000000d5580000,0x00000000d5580000,0x00000000d7400000)
  from space 3072K, 16% used [0x00000000d7780000,0x00000000d7800000,0x00000000d7a80000)
  to   space 3584K, 0% used [0x00000000d7400000,0x00000000d7400000,0x00000000d7780000)
 ParOldGen       total 87552K, used 2024K [0x0000000080000000, 0x0000000085580000, 0x00000000d5580000)
  object space 87552K, 2% used [0x0000000080000000,0x00000000801fa388,0x0000000085580000)
 Metaspace       used 13456K, capacity 13630K, committed 13824K, reserved 1060864K
  class space    used 1587K, capacity 1678K, committed 1792K, reserved 1048576K
}
Event: 218.897 GC heap before
{Heap before GC invocations=9 (full 0):
 PSYoungGen      total 34304K, used 31744K [0x00000000d5580000, 0x00000000d7b00000, 0x0000000100000000)
  eden space 31232K, 100% used [0x00000000d5580000,0x00000000d7400000,0x00000000d7400000)
  from space 3072K, 16% used [0x00000000d7780000,0x00000000d7800000,0x00000000d7a80000)
  to   space 3584K, 0% used [0x00000000d7400000,0x00000000d7400000,0x00000000d7780000)
 ParOldGen       total 87552K, used 2024K [0x0000000080000000, 0x0000000085580000, 0x00000000d5580000)
  object space 87552K, 2% used [0x0000000080000000,0x00000000801fa388,0x0000000085580000)
 Metaspace       used 13485K, capacity 13694K, committed 13824K, reserved 1060864K
  class space    used 1587K, capacity 1678K, committed 1792K, reserved 1048576K
Event: 218.900 GC heap after
Heap after GC invocations=9 (full 0):
 PSYoungGen      total 31744K, used 544K [0x00000000d5580000, 0x00000000d7a80000, 0x0000000100000000)
  eden space 30720K, 0% used [0x00000000d5580000,0x00000000d5580000,0x00000000d7380000)
  from space 1024K, 53% used [0x00000000d7400000,0x00000000d7488000,0x00000000d7500000)
  to   space 3584K, 0% used [0x00000000d7700000,0x00000000d7700000,0x00000000d7a80000)
 ParOldGen       total 87552K, used 2064K [0x0000000080000000, 0x0000000085580000, 0x00000000d5580000)
  object space 87552K, 2% used [0x0000000080000000,0x0000000080204388,0x0000000085580000)
 Metaspace       used 13485K, capacity 13694K, committed 13824K, reserved 1060864K
  class space    used 1587K, capacity 1678K, committed 1792K, reserved 1048576K
}
Event: 235.098 GC heap before
{Heap before GC invocations=10 (full 0):
 PSYoungGen      total 31744K, used 31264K [0x00000000d5580000, 0x00000000d7a80000, 0x0000000100000000)
  eden space 30720K, 100% used [0x00000000d5580000,0x00000000d7380000,0x00000000d7380000)
  from space 1024K, 53% used [0x00000000d7400000,0x00000000d7488000,0x00000000d7500000)
  to   space 3584K, 0% used [0x00000000d7700000,0x00000000d7700000,0x00000000d7a80000)
 ParOldGen       total 87552K, used 2064K [0x0000000080000000, 0x0000000085580000, 0x00000000d5580000)
  object space 87552K, 2% used [0x0000000080000000,0x0000000080204388,0x0000000085580000)
 Metaspace       used 13541K, capacity 13822K, committed 14080K, reserved 1060864K
  class space    used 1589K, capacity 1678K, committed 1792K, reserved 1048576K
Event: 235.100 GC heap after
Heap after GC invocations=10 (full 0):
 PSYoungGen      total 33280K, used 512K [0x00000000d5580000, 0x00000000d7a00000, 0x0000000100000000)
  eden space 30208K, 0% used [0x00000000d5580000,0x00000000d5580000,0x00000000d7300000)
  from space 3072K, 16% used [0x00000000d7700000,0x00000000d7780000,0x00000000d7a00000)
  to   space 3584K, 0% used [0x00000000d7300000,0x00000000d7300000,0x00000000d7680000)
 ParOldGen       total 87552K, used 2096K [0x0000000080000000, 0x0000000085580000, 0x00000000d5580000)
  object space 87552K, 2% used [0x0000000080000000,0x000000008020c388,0x0000000085580000)
 Metaspace       used 13541K, capacity 13822K, committed 14080K, reserved 1060864K
  class space    used 1589K, capacity 1678K, committed 1792K, reserved 1048576K
}

