# JRE version: Java(TM) SE Runtime Environment (8.0_121-b13) (build 1.8.0_121-b13)
# Java VM: Java HotSpot(TM) 64-Bit Server VM (25.121-b13 mixed mode windows-amd64 compressed oops)
Heap:
 PSYoungGen      total 38400K, used 11928K [0x00000000d5580000, 0x00000000d8000000, 0x0000000100000000)
  eden space 33280K, 28% used [0x00000000d5580000,0x00000000d5ee6320,0x00000000d7600000)
  from space 5120K, 45% used [0x00000000d7600000,0x00000000d7840000,0x00000000d7b00000)
  to   space 5120K, 0% used [0x00000000d7b00000,0x00000000d7b00000,0x00000000d8000000)
 ParOldGen       total 87552K, used 32K [0x0000000080000000, 0x0000000085580000, 0x00000000d5580000)
  object space 87552K, 0% used [0x0000000080000000,0x0000000080008000,0x0000000085580000)
 Metaspace       used 12992K, capacity 13230K, committed 13568K, reserved 1060864K
  class space    used 1611K, capacity 1678K, committed 1792K, reserved 1048576K
GC Heap History (6 events):
Event: 7.173 GC heap before
{Heap before GC invocations=1 (full 0):
 PSYoungGen      total 38400K, used 33280K [0x00000000d5580000, 0x00000000d8000000, 0x0000000100000000)
  eden space 33280K, 100% used [0x00000000d5580000,0x00000000d7600000,0x00000000d7600000)
  from space 5120K, 0% used [0x00000000d7b00000,0x00000000d7b00000,0x00000000d8000000)
  to   space 5120K, 0% used [0x00000000d7600000,0x00000000d7600000,0x00000000d7b00000)
 ParOldGen       total 87552K, used 0K [0x0000000080000000, 0x0000000085580000, 0x00000000d5580000)
  object space 87552K, 0% used [0x0000000080000000,0x0000000080000000,0x0000000085580000)
 Metaspace       used 12632K, capacity 12846K, committed 13056K, reserved 1060864K
  class space    used 1599K, capacity 1678K, committed 1792K, reserved 1048576K
Event: 7.185 GC heap after
Heap after GC invocations=1 (full 0):
 PSYoungGen      total 38400K, used 2774K [0x00000000d5580000, 0x00000000d8000000, 0x0000000100000000)
  eden space 33280K, 0% used [0x00000000d5580000,0x00000000d5580000,0x00000000d7600000)
  from space 5120K, 54% used [0x00000000d7600000,0x00000000d78b5b88,0x00000000d7b00000)
  to   space 5120K, 0% used [0x00000000d7b00000,0x00000000d7b00000,0x00000000d8000000)
 ParOldGen       total 87552K, used 16K [0x0000000080000000, 0x0000000085580000, 0x00000000d5580000)
  object space 87552K, 0% used [0x0000000080000000,0x0000000080004000,0x0000000085580000)
 Metaspace       used 12632K, capacity 12846K, committed 13056K, reserved 1060864K
  class space    used 1599K, capacity 1678K, committed 1792K, reserved 1048576K
}
Event: 16.103 GC heap before
{Heap before GC invocations=2 (full 0):
 PSYoungGen      total 38400K, used 36054K [0x00000000d5580000, 0x00000000d8000000, 0x0000000100000000)
  eden space 33280K, 100% used [0x00000000d5580000,0x00000000d7600000,0x00000000d7600000)
  from space 5120K, 54% used [0x00000000d7600000,0x00000000d78b5b88,0x00000000d7b00000)
  to   space 5120K, 0% used [0x00000000d7b00000,0x00000000d7b00000,0x00000000d8000000)
 ParOldGen       total 87552K, used 16K [0x0000000080000000, 0x0000000085580000, 0x00000000d5580000)
  object space 87552K, 0% used [0x0000000080000000,0x0000000080004000,0x0000000085580000)
 Metaspace       used 12858K, capacity 13038K, committed 13312K, reserved 1060864K
  class space    used 1611K, capacity 1678K, committed 1792K, reserved 1048576K
Event: 16.113 GC heap after
Heap after GC invocations=2 (full 0):
 PSYoungGen      total 38400K, used 2224K [0x00000000d5580000, 0x00000000d8000000, 0x0000000100000000)
  eden space 33280K, 0% used [0x00000000d5580000,0x00000000d5580000,0x00000000d7600000)
  from space 5120K, 43% used [0x00000000d7b00000,0x00000000d7d2c010,0x00000000d8000000)
  to   space 5120K, 0% used [0x00000000d7600000,0x00000000d7600000,0x00000000d7b00000)
 ParOldGen       total 87552K, used 24K [0x0000000080000000, 0x0000000085580000, 0x00000000d5580000)
  object space 87552K, 0% used [0x0000000080000000,0x0000000080006000,0x0000000085580000)
 Metaspace       used 12858K, capacity 13038K, committed 13312K, reserved 1060864K
  class space    used 1611K, capacity 1678K, committed 1792K, reserved 1048576K
}
Event: 26.327 GC heap before
{Heap before GC invocations=3 (full 0):
 PSYoungGen      total 38400K, used 35504K [0x00000000d5580000, 0x00000000d8000000, 0x0000000100000000)
  eden space 33280K, 100% used [0x00000000d5580000,0x00000000d7600000,0x00000000d7600000)
  from space 5120K, 43% used [0x00000000d7b00000,0x00000000d7d2c010,0x00000000d8000000)
  to   space 5120K, 0% used [0x00000000d7600000,0x00000000d7600000,0x00000000d7b00000)
 ParOldGen       total 87552K, used 24K [0x0000000080000000, 0x0000000085580000, 0x00000000d5580000)
  object space 87552K, 0% used [0x0000000080000000,0x0000000080006000,0x0000000085580000)
 Metaspace       used 12985K, capacity 13230K, committed 13568K, reserved 1060864K
  class space    used 1611K, capacity 1678K, committed 1792K, reserved 1048576K
Event: 26.337 GC heap after
Heap after GC invocations=3 (full 0):
 PSYoungGen      total 38400K, used 2304K [0x00000000d5580000, 0x00000000d8000000, 0x0000000100000000)
  eden space 33280K, 0% used [0x00000000d5580000,0x00000000d5580000,0x00000000d7600000)
  from space 5120K, 45% used [0x00000000d7600000,0x00000000d7840000,0x00000000d7b00000)
  to   space 5120K, 0% used [0x00000000d7b00000,0x00000000d7b00000,0x00000000d8000000)
 ParOldGen       total 87552K, used 32K [0x0000000080000000, 0x0000000085580000, 0x00000000d5580000)
  object space 87552K, 0% used [0x0000000080000000,0x0000000080008000,0x0000000085580000)
 Metaspace       used 12985K, capacity 13230K, committed 13568K, reserved 1060864K
  class space    used 1611K, capacity 1678K, committed 1792K, reserved 1048576K
}

